<?xml version="1.0" encoding="UTF-8"?>
<coverage generated="1615820765728" clover="3.2.0">
  <project timestamp="1615820765728" name="All files">
    <metrics statements="50" coveredstatements="49" conditionals="24" coveredconditionals="21" methods="19" coveredmethods="19" elements="93" coveredelements="89" complexity="0" loc="50" ncloc="50" packages="1" files="3" classes="3"/>
    <file name="fluvx.ts" path="/Users/gsi-chao/Documents/Projects/fluvx/src/fluvx.ts">
      <metrics statements="45" coveredstatements="45" conditionals="20" coveredconditionals="19" methods="17" coveredmethods="17"/>
      <line num="1" count="1" type="stmt"/>
      <line num="3" count="1" type="stmt"/>
      <line num="15" count="7" type="stmt"/>
      <line num="16" count="7" type="stmt"/>
      <line num="17" count="6" type="stmt"/>
      <line num="18" count="6" type="stmt"/>
      <line num="19" count="6" type="stmt"/>
      <line num="20" count="6" type="stmt"/>
      <line num="24" count="4" type="cond" truecount="2" falsecount="0"/>
      <line num="25" count="4" type="cond" truecount="2" falsecount="0"/>
      <line num="26" count="3" type="stmt"/>
      <line num="28" count="1" type="stmt"/>
      <line num="33" count="2" type="cond" truecount="4" falsecount="0"/>
      <line num="34" count="1" type="stmt"/>
      <line num="35" count="1" type="stmt"/>
      <line num="37" count="1" type="stmt"/>
      <line num="41" count="7" type="cond" truecount="2" falsecount="0"/>
      <line num="42" count="6" type="stmt"/>
      <line num="43" count="6" type="stmt"/>
      <line num="44" count="6" type="stmt"/>
      <line num="46" count="6" type="stmt"/>
      <line num="48" count="1" type="stmt"/>
      <line num="52" count="6" type="stmt"/>
      <line num="53" count="3" type="stmt"/>
      <line num="58" count="6" type="cond" truecount="4" falsecount="0"/>
      <line num="59" count="1" type="stmt"/>
      <line num="60" count="1" type="stmt"/>
      <line num="61" count="1" type="stmt"/>
      <line num="63" count="2" type="stmt"/>
      <line num="67" count="1" type="stmt"/>
      <line num="69" count="5" type="stmt"/>
      <line num="73" count="2" type="stmt"/>
      <line num="77" count="6" type="cond" truecount="4" falsecount="0"/>
      <line num="78" count="2" type="stmt"/>
      <line num="79" count="2" type="stmt"/>
      <line num="80" count="2" type="stmt"/>
      <line num="82" count="2" type="stmt"/>
      <line num="84" count="4" type="stmt"/>
      <line num="88" count="2" type="stmt"/>
      <line num="89" count="1" type="stmt"/>
      <line num="98" count="1" type="cond" truecount="1" falsecount="1"/>
      <line num="99" count="1" type="stmt"/>
      <line num="101" count="1" type="stmt"/>
      <line num="107" count="7" type="stmt"/>
      <line num="109" count="6" type="stmt"/>
    </file>
    <file name="index.ts" path="/Users/gsi-chao/Documents/Projects/fluvx/src/index.ts">
      <metrics statements="1" coveredstatements="1" conditionals="0" coveredconditionals="0" methods="0" coveredmethods="0"/>
      <line num="1" count="1" type="stmt"/>
    </file>
    <file name="util.ts" path="/Users/gsi-chao/Documents/Projects/fluvx/src/util.ts">
      <metrics statements="4" coveredstatements="3" conditionals="4" coveredconditionals="2" methods="2" coveredmethods="2"/>
      <line num="2" count="1" type="cond" truecount="1" falsecount="1"/>
      <line num="6" count="10" type="cond" truecount="1" falsecount="1"/>
      <line num="7" count="10" type="stmt"/>
      <line num="9" count="0" type="stmt"/>
    </file>
  </project>
</coverage>
