{"/Users/gsi-chao/Documents/Projects/fluvx/src/fluvx.ts": {"path":"/Users/gsi-chao/Documents/Projects/fluvx/src/fluvx.ts","statementMap":{"0":{"start":{"line":1,"column":0},"end":{"line":1,"column":null}},"1":{"start":{"line":3,"column":0},"end":{"line":3,"column":null}},"2":{"start":{"line":15,"column":4},"end":{"line":15,"column":9}},"3":{"start":{"line":16,"column":4},"end":{"line":16,"column":9}},"4":{"start":{"line":17,"column":4},"end":{"line":17,"column":9}},"5":{"start":{"line":18,"column":4},"end":{"line":18,"column":9}},"6":{"start":{"line":19,"column":4},"end":{"line":19,"column":9}},"7":{"start":{"line":20,"column":4},"end":{"line":20,"column":9}},"8":{"start":{"line":24,"column":21},"end":{"line":24,"column":null}},"9":{"start":{"line":25,"column":4},"end":{"line":29,"column":null}},"10":{"start":{"line":26,"column":6},"end":{"line":26,"column":14}},"11":{"start":{"line":28,"column":6},"end":{"line":28,"column":12}},"12":{"start":{"line":33,"column":4},"end":{"line":36,"column":null}},"13":{"start":{"line":34,"column":21},"end":{"line":34,"column":26}},"14":{"start":{"line":35,"column":6},"end":{"line":35,"column":13}},"15":{"start":{"line":37,"column":4},"end":{"line":37,"column":10}},"16":{"start":{"line":41,"column":4},"end":{"line":47,"column":null}},"17":{"start":{"line":42,"column":44},"end":{"line":42,"column":null}},"18":{"start":{"line":43,"column":6},"end":{"line":43,"column":12}},"19":{"start":{"line":44,"column":8},"end":{"line":44,"column":11}},"20":{"start":{"line":46,"column":6},"end":{"line":46,"column":13}},"21":{"start":{"line":48,"column":4},"end":{"line":48,"column":10}},"22":{"start":{"line":52,"column":4},"end":{"line":52,"column":11}},"23":{"start":{"line":53,"column":6},"end":{"line":53,"column":13}},"24":{"start":{"line":58,"column":4},"end":{"line":68,"column":null}},"25":{"start":{"line":59,"column":45},"end":{"line":59,"column":null}},"26":{"start":{"line":60,"column":6},"end":{"line":60,"column":12}},"27":{"start":{"line":61,"column":8},"end":{"line":61,"column":14}},"28":{"start":{"line":63,"column":12},"end":{"line":63,"column":null}},"29":{"start":{"line":67,"column":6},"end":{"line":67,"column":13}},"30":{"start":{"line":69,"column":4},"end":{"line":69,"column":11}},"31":{"start":{"line":73,"column":4},"end":{"line":73,"column":11}},"32":{"start":{"line":73,"column":26},"end":{"line":73,"column":34}},"33":{"start":{"line":77,"column":4},"end":{"line":83,"column":null}},"34":{"start":{"line":78,"column":44},"end":{"line":78,"column":null}},"35":{"start":{"line":79,"column":6},"end":{"line":79,"column":12}},"36":{"start":{"line":80,"column":8},"end":{"line":80,"column":11}},"37":{"start":{"line":82,"column":6},"end":{"line":82,"column":13}},"38":{"start":{"line":84,"column":4},"end":{"line":84,"column":11}},"39":{"start":{"line":88,"column":4},"end":{"line":88,"column":11}},"40":{"start":{"line":89,"column":21},"end":{"line":89,"column":null}},"41":{"start":{"line":98,"column":6},"end":{"line":100,"column":null}},"42":{"start":{"line":99,"column":8},"end":{"line":99,"column":16}},"43":{"start":{"line":101,"column":6},"end":{"line":101,"column":13}},"44":{"start":{"line":107,"column":16},"end":{"line":107,"column":20}},"45":{"start":{"line":109,"column":2},"end":{"line":109,"column":9}}},"fnMap":{"0":{"name":"(anonymous_0)","decl":{"start":{"line":14,"column":2},"end":{"line":14,"column":14}},"loc":{"start":{"line":14,"column":35},"end":{"line":21,"column":null}}},"1":{"name":"(anonymous_1)","decl":{"start":{"line":23,"column":2},"end":{"line":23,"column":8}},"loc":{"start":{"line":23,"column":40},"end":{"line":30,"column":null}}},"2":{"name":"(anonymous_2)","decl":{"start":{"line":32,"column":2},"end":{"line":32,"column":10}},"loc":{"start":{"line":32,"column":42},"end":{"line":38,"column":null}}},"3":{"name":"(anonymous_3)","decl":{"start":{"line":40,"column":2},"end":{"line":40,"column":19}},"loc":{"start":{"line":40,"column":54},"end":{"line":49,"column":null}}},"4":{"name":"(anonymous_4)","decl":{"start":{"line":43,"column":36},"end":{"line":43,"column":41}},"loc":{"start":{"line":43,"column":44},"end":{"line":45,"column":null}}},"5":{"name":"(anonymous_5)","decl":{"start":{"line":51,"column":2},"end":{"line":51,"column":26}},"loc":{"start":{"line":51,"column":61},"end":{"line":55,"column":null}}},"6":{"name":"(anonymous_6)","decl":{"start":{"line":52,"column":12},"end":{"line":52,"column":32}},"loc":{"start":{"line":52,"column":32},"end":{"line":54,"column":null}}},"7":{"name":"(anonymous_7)","decl":{"start":{"line":57,"column":2},"end":{"line":57,"column":17}},"loc":{"start":{"line":57,"column":63},"end":{"line":70,"column":null}}},"8":{"name":"(anonymous_8)","decl":{"start":{"line":60,"column":35},"end":{"line":60,"column":40}},"loc":{"start":{"line":60,"column":43},"end":{"line":66,"column":null}}},"9":{"name":"(anonymous_9)","decl":{"start":{"line":62,"column":15},"end":{"line":62,"column":null}},"loc":{"start":{"line":63,"column":12},"end":{"line":63,"column":null}}},"10":{"name":"(anonymous_10)","decl":{"start":{"line":72,"column":2},"end":{"line":72,"column":24}},"loc":{"start":{"line":72,"column":73},"end":{"line":74,"column":null}}},"11":{"name":"(anonymous_11)","decl":{"start":{"line":73,"column":20},"end":{"line":73,"column":26}},"loc":{"start":{"line":73,"column":26},"end":{"line":73,"column":34}}},"12":{"name":"(anonymous_12)","decl":{"start":{"line":76,"column":2},"end":{"line":76,"column":17}},"loc":{"start":{"line":76,"column":63},"end":{"line":85,"column":null}}},"13":{"name":"(anonymous_13)","decl":{"start":{"line":79,"column":35},"end":{"line":79,"column":40}},"loc":{"start":{"line":79,"column":43},"end":{"line":81,"column":null}}},"14":{"name":"(anonymous_14)","decl":{"start":{"line":87,"column":2},"end":{"line":87,"column":24}},"loc":{"start":{"line":87,"column":59},"end":{"line":103,"column":null}}},"15":{"name":"(anonymous_15)","decl":{"start":{"line":88,"column":12},"end":{"line":88,"column":32}},"loc":{"start":{"line":88,"column":32},"end":{"line":102,"column":null}}},"16":{"name":"createStore","decl":{"start":{"line":106,"column":16},"end":{"line":106,"column":46}},"loc":{"start":{"line":106,"column":67},"end":{"line":115,"column":null}}}},"branchMap":{"0":{"loc":{"start":{"line":24,"column":21},"end":{"line":24,"column":26}},"type":"binary-expr","locations":[{"start":{"line":24,"column":21},"end":{"line":24,"column":26}},{"start":{"line":24,"column":45},"end":{"line":24,"column":null}}]},"1":{"loc":{"start":{"line":25,"column":4},"end":{"line":29,"column":null}},"type":"if","locations":[{"start":{"line":25,"column":4},"end":{"line":29,"column":null}},{"start":{"line":25,"column":4},"end":{"line":29,"column":null}}]},"2":{"loc":{"start":{"line":33,"column":4},"end":{"line":36,"column":null}},"type":"if","locations":[{"start":{"line":33,"column":4},"end":{"line":36,"column":null}},{"start":{"line":33,"column":4},"end":{"line":36,"column":null}}]},"3":{"loc":{"start":{"line":33,"column":8},"end":{"line":33,"column":24}},"type":"binary-expr","locations":[{"start":{"line":33,"column":8},"end":{"line":33,"column":24}},{"start":{"line":33,"column":24},"end":{"line":33,"column":29}}]},"4":{"loc":{"start":{"line":41,"column":4},"end":{"line":47,"column":null}},"type":"if","locations":[{"start":{"line":41,"column":4},"end":{"line":47,"column":null}},{"start":{"line":41,"column":4},"end":{"line":47,"column":null}}]},"5":{"loc":{"start":{"line":58,"column":4},"end":{"line":68,"column":null}},"type":"if","locations":[{"start":{"line":58,"column":4},"end":{"line":68,"column":null}},{"start":{"line":58,"column":4},"end":{"line":68,"column":null}}]},"6":{"loc":{"start":{"line":58,"column":8},"end":{"line":58,"column":15}},"type":"binary-expr","locations":[{"start":{"line":58,"column":8},"end":{"line":58,"column":15}},{"start":{"line":58,"column":19},"end":{"line":58,"column":28}}]},"7":{"loc":{"start":{"line":77,"column":4},"end":{"line":83,"column":null}},"type":"if","locations":[{"start":{"line":77,"column":4},"end":{"line":83,"column":null}},{"start":{"line":77,"column":4},"end":{"line":83,"column":null}}]},"8":{"loc":{"start":{"line":77,"column":8},"end":{"line":77,"column":15}},"type":"binary-expr","locations":[{"start":{"line":77,"column":8},"end":{"line":77,"column":15}},{"start":{"line":77,"column":19},"end":{"line":77,"column":28}}]},"9":{"loc":{"start":{"line":98,"column":6},"end":{"line":100,"column":null}},"type":"if","locations":[{"start":{"line":98,"column":6},"end":{"line":100,"column":null}},{"start":{"line":98,"column":6},"end":{"line":100,"column":null}}]}},"s":{"0":1,"1":1,"2":7,"3":7,"4":6,"5":6,"6":6,"7":6,"8":4,"9":4,"10":3,"11":1,"12":2,"13":1,"14":1,"15":1,"16":7,"17":6,"18":6,"19":6,"20":6,"21":1,"22":6,"23":3,"24":6,"25":1,"26":1,"27":1,"28":2,"29":1,"30":5,"31":2,"32":2,"33":6,"34":2,"35":2,"36":2,"37":2,"38":4,"39":2,"40":1,"41":1,"42":1,"43":1,"44":7,"45":6},"f":{"0":7,"1":4,"2":2,"3":7,"4":6,"5":6,"6":3,"7":6,"8":1,"9":2,"10":2,"11":2,"12":6,"13":2,"14":2,"15":1,"16":7},"b":{"0":[4,1],"1":[3,1],"2":[1,1],"3":[2,2],"4":[6,1],"5":[1,5],"6":[6,1],"7":[2,4],"8":[6,2],"9":[1,0]}}
,"/Users/gsi-chao/Documents/Projects/fluvx/src/index.ts": {"path":"/Users/gsi-chao/Documents/Projects/fluvx/src/index.ts","statementMap":{"0":{"start":{"line":1,"column":0},"end":{"line":1,"column":null}}},"fnMap":{},"branchMap":{},"s":{"0":1},"f":{},"b":{}}
,"/Users/gsi-chao/Documents/Projects/fluvx/src/util.ts": {"path":"/Users/gsi-chao/Documents/Projects/fluvx/src/util.ts","statementMap":{"0":{"start":{"line":2,"column":2},"end":{"line":2,"column":9}},"1":{"start":{"line":6,"column":2},"end":{"line":8,"column":null}},"2":{"start":{"line":7,"column":4},"end":{"line":7,"column":11}},"3":{"start":{"line":9,"column":2},"end":{"line":9,"column":9}}},"fnMap":{"0":{"name":"isPromise","decl":{"start":{"line":1,"column":16},"end":{"line":1,"column":26}},"loc":{"start":{"line":1,"column":47},"end":{"line":3,"column":null}}},"1":{"name":"isEmpty","decl":{"start":{"line":5,"column":16},"end":{"line":5,"column":24}},"loc":{"start":{"line":5,"column":36},"end":{"line":10,"column":null}}}},"branchMap":{"0":{"loc":{"start":{"line":2,"column":9},"end":{"line":2,"column":12}},"type":"binary-expr","locations":[{"start":{"line":2,"column":9},"end":{"line":2,"column":12}},{"start":{"line":2,"column":16},"end":{"line":2,"column":null}}]},"1":{"loc":{"start":{"line":6,"column":2},"end":{"line":8,"column":null}},"type":"if","locations":[{"start":{"line":6,"column":2},"end":{"line":8,"column":null}},{"start":{"line":6,"column":2},"end":{"line":8,"column":null}}]}},"s":{"0":1,"1":10,"2":10,"3":0},"f":{"0":1,"1":10},"b":{"0":[1,0],"1":[10,0]}}
}
