TN:
SF:/Users/gsi-chao/Documents/Projects/fluvx/src/fluvx.ts
FN:14,(anonymous_0)
FN:23,(anonymous_1)
FN:32,(anonymous_2)
FN:40,(anonymous_3)
FN:43,(anonymous_4)
FN:51,(anonymous_5)
FN:52,(anonymous_6)
FN:57,(anonymous_7)
FN:60,(anonymous_8)
FN:62,(anonymous_9)
FN:72,(anonymous_10)
FN:73,(anonymous_11)
FN:76,(anonymous_12)
FN:79,(anonymous_13)
FN:87,(anonymous_14)
FN:88,(anonymous_15)
FN:106,createStore
FNF:17
FNH:17
FNDA:7,(anonymous_0)
FNDA:4,(anonymous_1)
FNDA:2,(anonymous_2)
FNDA:7,(anonymous_3)
FNDA:6,(anonymous_4)
FNDA:6,(anonymous_5)
FNDA:3,(anonymous_6)
FNDA:6,(anonymous_7)
FNDA:1,(anonymous_8)
FNDA:2,(anonymous_9)
FNDA:2,(anonymous_10)
FNDA:2,(anonymous_11)
FNDA:6,(anonymous_12)
FNDA:2,(anonymous_13)
FNDA:2,(anonymous_14)
FNDA:1,(anonymous_15)
FNDA:7,createStore
DA:1,1
DA:3,1
DA:15,7
DA:16,7
DA:17,6
DA:18,6
DA:19,6
DA:20,6
DA:24,4
DA:25,4
DA:26,3
DA:28,1
DA:33,2
DA:34,1
DA:35,1
DA:37,1
DA:41,7
DA:42,6
DA:43,6
DA:44,6
DA:46,6
DA:48,1
DA:52,6
DA:53,3
DA:58,6
DA:59,1
DA:60,1
DA:61,1
DA:63,2
DA:67,1
DA:69,5
DA:73,2
DA:77,6
DA:78,2
DA:79,2
DA:80,2
DA:82,2
DA:84,4
DA:88,2
DA:89,1
DA:98,1
DA:99,1
DA:101,1
DA:107,7
DA:109,6
LF:45
LH:45
BRDA:24,0,0,4
BRDA:24,0,1,1
BRDA:25,1,0,3
BRDA:25,1,1,1
BRDA:33,2,0,1
BRDA:33,2,1,1
BRDA:33,3,0,2
BRDA:33,3,1,2
BRDA:41,4,0,6
BRDA:41,4,1,1
BRDA:58,5,0,1
BRDA:58,5,1,5
BRDA:58,6,0,6
BRDA:58,6,1,1
BRDA:77,7,0,2
BRDA:77,7,1,4
BRDA:77,8,0,6
BRDA:77,8,1,2
BRDA:98,9,0,1
BRDA:98,9,1,0
BRF:20
BRH:19
end_of_record
TN:
SF:/Users/gsi-chao/Documents/Projects/fluvx/src/index.ts
FNF:0
FNH:0
DA:1,1
LF:1
LH:1
BRF:0
BRH:0
end_of_record
TN:
SF:/Users/gsi-chao/Documents/Projects/fluvx/src/util.ts
FN:1,isPromise
FN:5,isEmpty
FNF:2
FNH:2
FNDA:1,isPromise
FNDA:10,isEmpty
DA:2,1
DA:6,10
DA:7,10
DA:9,0
LF:4
LH:3
BRDA:2,0,0,1
BRDA:2,0,1,0
BRDA:6,1,0,10
BRDA:6,1,1,0
BRF:4
BRH:2
end_of_record
